[04:19:57] [INIT] KubeJS 2001.6.5-build.16; MC 2001 forge
[04:19:57] [INIT] Loaded plugins:
[04:19:57] [INIT] - dev.latvian.mods.kubejs.forge.BuiltinKubeJSForgePlugin
[04:19:57] [INIT] - dev.ftb.mods.ftbxmodcompat.ftbquests.kubejs.KubeJSIntegration
[04:19:57] [INIT] - dev.ftb.mods.ftbxmodcompat.ftbchunks.kubejs.FTBChunksKubeJSPlugin
[04:19:57] [INIT] - dev.ftb.mods.ftbxmodcompat.ftbteams.kubejs.FTBTeamsKubeJSPlugin
[04:19:57] [INIT] - com.tom.createores.kubejs.KubeJSExcavation
[04:19:57] [INIT] - com.almostreliable.morejs.Plugin
[04:19:57] [INIT] - com.blakebr0.cucumber.compat.kubejs.CucumberKubeJSPlugin
[04:19:57] [INIT] - com.almostreliable.ponderjs.PonderJSPlugin
[04:19:59] [INFO] Loaded script server_scripts:postUnify/_before.js in 0.005 s
[04:19:59] [INFO] Loaded script server_scripts:postUnify/wires.js in 0.003 s
[04:19:59] [INFO] Loaded script server_scripts:postUnify/dust.js in 0.003 s
[04:19:59] [INFO] Loaded script server_scripts:postUnify/storage_blocks.js in 0.003 s
[04:19:59] [INFO] Loaded script server_scripts:postUnify/ingots.js in 0.004 s
[04:19:59] [INFO] Loaded script server_scripts:postUnify/nuggets.js in 0.002 s
[04:19:59] [INFO] Loaded script server_scripts:postUnify/raw_materials.js in 0.002 s
[04:19:59] [INFO] Loaded script server_scripts:postUnify/plates.js in 0.003 s
[04:19:59] [INFO] Loaded script server_scripts:postUnify/rods.js in 0.002 s
[04:19:59] [INFO] Loaded script server_scripts:postUnify/gears.js in 0.003 s
[04:19:59] [INFO] Loaded script server_scripts:xpFluids.js in 0.001 s
[04:19:59] [INFO] Loaded script server_scripts:ore_removal.js in 0.0 s
[04:19:59] [INFO] Loaded script server_scripts:modpack/patrick_star.js in 0.0 s
[04:19:59] [INFO] Loaded script server_scripts:modpack/atm_alloys.js in 0.003 s
[04:19:59] [INFO] Loaded script server_scripts:modpack/atm_star.js in 0.001 s
[04:19:59] [INFO] Loaded script server_scripts:modpack/mini_portals.js in 0.002 s
[04:19:59] [INFO] Loaded script server_scripts:modpack/music_discs.js in 0.001 s
[04:19:59] [INFO] Loaded script server_scripts:modpack/atm_star_creative.js in 0.004 s
[04:19:59] [INFO] Loaded script server_scripts:modpack/atm_alloy_tools.js in 0.001 s
[04:19:59] [INFO] Loaded script server_scripts:modpack/atm_shard.js in 0.0 s
[04:19:59] [INFO] Loaded script server_scripts:modpack/att_items.js in 0.001 s
[04:19:59] [INFO] Loaded script server_scripts:ore_processing.js in 0.004 s
[04:19:59] [INFO] Loaded script server_scripts:tags.js in 0.002 s
[04:19:59] [INFO] Loaded script server_scripts:miningDim.js in 0.002 s
[04:19:59] [INFO] Loaded script server_scripts:conflicts.js in 0.002 s
[04:19:59] [INFO] Loaded script server_scripts:mods/refined_storage/recipes.js in 0.0 s
[04:19:59] [INFO] Loaded script server_scripts:mods/quarryplus/quarrying.js in 0.0 s
[04:19:59] [INFO] Loaded script server_scripts:mods/angelring/angelring.js in 0.0 s
[04:19:59] [INFO] Loaded script server_scripts:mods/create/create.js in 0.001 s
[04:19:59] [INFO] Loaded script server_scripts:mods/ad_astra/ad_astra.js in 0.0 s
[04:19:59] [INFO] Loaded script server_scripts:mods/croptopia/croptopia.js in 0.001 s
[04:19:59] [INFO] Loaded script server_scripts:mods/ars_nouveau/ars_nouveau.js in 0.0 s
[04:19:59] [INFO] Loaded script server_scripts:mods/corail_tombstone/Nuke_Eggs.js in 0.0 s
[04:19:59] [INFO] Loaded script server_scripts:mods/buildinggadgets/recipes.js in 0.0 s
[04:19:59] [INFO] Loaded script server_scripts:mods/hostileneuralnetworks/recipes.js in 0.0 s
[04:19:59] [INFO] mods/farmingforblockheads/market.js#62: Loaded Java class 'net.blay09.mods.farmingforblockheads.api.FarmingForBlockheadsAPI'
[04:19:59] [INFO] Loaded script server_scripts:mods/farmingforblockheads/market.js in 0.002 s
[04:19:59] [INFO] Loaded script server_scripts:mods/mysticalagriculture/cropRemove.js in 0.0 s
[04:19:59] [INFO] mods/mysticalagriculture/crops.js#4: Loaded Java class 'com.blakebr0.mysticalagriculture.registry.CropRegistry'
[04:19:59] [INFO] Loaded script server_scripts:mods/mysticalagriculture/crops.js in 0.003 s
[04:19:59] [INFO] Loaded script server_scripts:mods/mysticalagriculture/crafting.js in 0.002 s
[04:19:59] [INFO] Loaded script server_scripts:mods/ae/recipes.js in 0.0 s
[04:19:59] [INFO] Loaded script server_scripts:mods/draconic_evolution/recipes.js in 0.001 s
[04:19:59] [INFO] Loaded script server_scripts:mods/quark/Chests.js in 0.0 s
[04:19:59] [INFO] Loaded script server_scripts:mods/sophisticated/recipes.js in 0.001 s
[04:19:59] [INFO] Loaded script server_scripts:mods/silent_gear/salvager.js in 0.0 s
[04:19:59] [INFO] Loaded script server_scripts:mods/industrialforegoing/industrial_foregoing.js in 0.0 s
[04:19:59] [INFO] Loaded script server_scripts:mods/industrialforegoing/fluid_extractor.js in 0.0 s
[04:19:59] [INFO] Loaded script server_scripts:mods/IndustrialForegoingSouls/blacklist.js in 0.0 s
[04:19:59] [INFO] Loaded script server_scripts:mods/IndustrialForegoingSouls/recipes.js in 0.0 s
[04:19:59] [INFO] Loaded script server_scripts:mods/structure_compass/recipes.js in 0.0 s
[04:19:59] [INFO] Loaded script server_scripts:mods/evilcraft/evilcraft.js in 0.0 s
[04:19:59] [INFO] Loaded script server_scripts:mods/allthemodium/allthemodium.js in 0.0 s
[04:19:59] [INFO] Loaded script server_scripts:mods/mekanism/mekanismServer.js in 0.002 s
[04:19:59] [INFO] Loaded script server_scripts:mods/mekanism/mekanism.js in 0.0 s
[04:19:59] [INFO] Loaded script server_scripts:mods/immersiveengineering/immersiveengineering.js in 0.001 s
[04:19:59] [INFO] Loaded script server_scripts:mods/rftools/builder.js in 0.0 s
[04:19:59] [INFO] Loaded script server_scripts:mods/ftbquests/customTask.js in 0.001 s
[04:19:59] [INFO] Loaded script server_scripts:mods/mob_grinding_utils/recipes.js in 0.0 s
[04:19:59] [INFO] Loaded script server_scripts:mods/computercraft/turtles.js in 0.0 s
[04:19:59] [INFO] Loaded script server_scripts:mods/reliquary/reliquary.js in 0.0 s
[04:19:59] [INFO] Loaded script server_scripts:mods/cataclysm/cataclysm.js in 0.0 s
[04:19:59] [INFO] Loaded script server_scripts:mods/mininggadgets/upgrade.js in 0.001 s
[04:19:59] [INFO] Loaded script server_scripts:mods/extreme_reactors/extremereactors2.js in 0.0 s
[04:19:59] [INFO] Loaded script server_scripts:mods/timeinabottle/recipes.js in 0.0 s
[04:19:59] [INFO] Loaded script server_scripts:mods/bloodmagic/meteors.js in 0.0 s
[04:19:59] [INFO] Loaded script server_scripts:mods/bloodmagic/bmreinforced.js in 0.001 s
[04:19:59] [INFO] Loaded script server_scripts:mods/entangled/recipes.js in 0.0 s
[04:19:59] [INFO] Loaded 66/66 KubeJS server scripts in 0.108 s with 0 errors and 0 warnings
[04:19:59] [INFO] Scripts loaded
[04:19:59] [INFO] Initializing recipe event...
[04:20:03] [INFO] [minecraft:fluid] Found 111 tags, added 1 objects, removed 4 objects
[04:20:03] [INFO] [minecraft:worldgen/biome] Found 335 tags, added 8 objects, removed 0 objects
[04:20:03] [INFO] [minecraft:entity_type] Found 187 tags, added 59 objects, removed 0 objects
[04:20:04] [INFO] [minecraft:block] Found 1690 tags, added 749 objects, removed 0 objects
[04:20:04] [INFO] [minecraft:item] Found 3674 tags, added 177 objects, removed 7 objects
[04:20:10] [INFO] Processing recipes...
[04:20:10] [WARN] Failed to parse recipe 'deeperdarker:resonarium_hoe_smithing[minecraft:smithing_transform]'! Falling back to vanilla: Ingredient 'template' can't be empty!
[04:20:10] [WARN] Failed to parse recipe 'deeperdarker:resonarium_helmet_smithing[minecraft:smithing_transform]'! Falling back to vanilla: Ingredient 'template' can't be empty!
[04:20:10] [WARN] Failed to parse recipe 'deeperdarker:resonarium_pickaxe_smithing[minecraft:smithing_transform]'! Falling back to vanilla: Ingredient 'template' can't be empty!
[04:20:10] [WARN] Failed to parse recipe 'deeperdarker:resonarium_shovel_smithing[minecraft:smithing_transform]'! Falling back to vanilla: Ingredient 'template' can't be empty!
[04:20:10] [WARN] Failed to parse recipe 'deeperdarker:resonarium_boots_smithing[minecraft:smithing_transform]'! Falling back to vanilla: Ingredient 'template' can't be empty!
[04:20:10] [WARN] Failed to parse recipe 'deeperdarker:resonarium_sword_smithing[minecraft:smithing_transform]'! Falling back to vanilla: Ingredient 'template' can't be empty!
[04:20:10] [WARN] Failed to parse recipe 'deeperdarker:resonarium_leggings_smithing[minecraft:smithing_transform]'! Falling back to vanilla: Ingredient 'template' can't be empty!
[04:20:10] [WARN] Failed to parse recipe 'deeperdarker:resonarium_chestplate_smithing[minecraft:smithing_transform]'! Falling back to vanilla: Ingredient 'template' can't be empty!
[04:20:10] [WARN] Failed to parse recipe 'deeperdarker:resonarium_axe_smithing[minecraft:smithing_transform]'! Falling back to vanilla: Ingredient 'template' can't be empty!
[04:20:10] [INFO] Found 33061 recipes in 409.8 ms
[04:20:13] [INFO] Posted recipe events in 2.654 s
[04:20:13] [WARN] Error parsing recipe thermal:furnace/allthecompressed/stone/deepslate/9x[thermal:furnace]: {"type":"thermal:furnace","ingredient":{"item":"allthecompressed:cobbled_deepslate_block_9x","count":1},"result":{"item":"allthecompressed:deepslate_block_9x"},"energy":2400000,"conditions":[{"type":"forge:and","values":[{"type":"forge:not","value":{"type":"forge:mod_loaded","modid":"compressium"}},{"type":"forge:mod_loaded","modid":"thermal"}]}]}: Invalid Thermal Series recipe: thermal:furnace/allthecompressed/stone/deepslate/9x
Refer to the recipe's ResourceLocation to find the mod responsible and let them know!
[04:20:13] [WARN] Error parsing recipe thermal:furnace/allthecompressed/stone/deepslate/1x[thermal:furnace]: {"type":"thermal:furnace","ingredient":{"item":"allthecompressed:cobbled_deepslate_block_1x","count":1},"result":{"item":"allthecompressed:deepslate_block_1x"},"energy":240000,"conditions":[{"type":"forge:and","values":[{"type":"forge:not","value":{"type":"forge:mod_loaded","modid":"compressium"}},{"type":"forge:mod_loaded","modid":"thermal"}]}]}: Invalid Thermal Series recipe: thermal:furnace/allthecompressed/stone/deepslate/1x
Refer to the recipe's ResourceLocation to find the mod responsible and let them know!
[04:20:13] [WARN] Error parsing recipe thermal:furnace/allthecompressed/stone/deepslate/2x[thermal:furnace]: {"type":"thermal:furnace","ingredient":{"item":"allthecompressed:cobbled_deepslate_block_2x","count":1},"result":{"item":"allthecompressed:deepslate_block_2x"},"energy":480000,"conditions":[{"type":"forge:and","values":[{"type":"forge:not","value":{"type":"forge:mod_loaded","modid":"compressium"}},{"type":"forge:mod_loaded","modid":"thermal"}]}]}: Invalid Thermal Series recipe: thermal:furnace/allthecompressed/stone/deepslate/2x
Refer to the recipe's ResourceLocation to find the mod responsible and let them know!
[04:20:13] [WARN] Error parsing recipe thermal:furnace/allthecompressed/stone/deepslate/3x[thermal:furnace]: {"type":"thermal:furnace","ingredient":{"item":"allthecompressed:cobbled_deepslate_block_3x","count":1},"result":{"item":"allthecompressed:deepslate_block_3x"},"energy":720000,"conditions":[{"type":"forge:and","values":[{"type":"forge:not","value":{"type":"forge:mod_loaded","modid":"compressium"}},{"type":"forge:mod_loaded","modid":"thermal"}]}]}: Invalid Thermal Series recipe: thermal:furnace/allthecompressed/stone/deepslate/3x
Refer to the recipe's ResourceLocation to find the mod responsible and let them know!
[04:20:13] [WARN] Error parsing recipe thermal:furnace/allthecompressed/stone/deepslate/5x[thermal:furnace]: {"type":"thermal:furnace","ingredient":{"item":"allthecompressed:cobbled_deepslate_block_5x","count":1},"result":{"item":"allthecompressed:deepslate_block_5x"},"energy":1200000,"conditions":[{"type":"forge:and","values":[{"type":"forge:not","value":{"type":"forge:mod_loaded","modid":"compressium"}},{"type":"forge:mod_loaded","modid":"thermal"}]}]}: Invalid Thermal Series recipe: thermal:furnace/allthecompressed/stone/deepslate/5x
Refer to the recipe's ResourceLocation to find the mod responsible and let them know!
[04:20:13] [WARN] Error parsing recipe thermal:furnace/allthecompressed/stone/deepslate/4x[thermal:furnace]: {"type":"thermal:furnace","ingredient":{"item":"allthecompressed:cobbled_deepslate_block_4x","count":1},"result":{"item":"allthecompressed:deepslate_block_4x"},"energy":960000,"conditions":[{"type":"forge:and","values":[{"type":"forge:not","value":{"type":"forge:mod_loaded","modid":"compressium"}},{"type":"forge:mod_loaded","modid":"thermal"}]}]}: Invalid Thermal Series recipe: thermal:furnace/allthecompressed/stone/deepslate/4x
Refer to the recipe's ResourceLocation to find the mod responsible and let them know!
[04:20:13] [WARN] Error parsing recipe thermal:furnace/allthecompressed/stone/deepslate/6x[thermal:furnace]: {"type":"thermal:furnace","ingredient":{"item":"allthecompressed:cobbled_deepslate_block_6x","count":1},"result":{"item":"allthecompressed:deepslate_block_6x"},"energy":1440000,"conditions":[{"type":"forge:and","values":[{"type":"forge:not","value":{"type":"forge:mod_loaded","modid":"compressium"}},{"type":"forge:mod_loaded","modid":"thermal"}]}]}: Invalid Thermal Series recipe: thermal:furnace/allthecompressed/stone/deepslate/6x
Refer to the recipe's ResourceLocation to find the mod responsible and let them know!
[04:20:13] [WARN] Error parsing recipe thermal:furnace/allthecompressed/stone/deepslate/7x[thermal:furnace]: {"type":"thermal:furnace","ingredient":{"item":"allthecompressed:cobbled_deepslate_block_7x","count":1},"result":{"item":"allthecompressed:deepslate_block_7x"},"energy":1680000,"conditions":[{"type":"forge:and","values":[{"type":"forge:not","value":{"type":"forge:mod_loaded","modid":"compressium"}},{"type":"forge:mod_loaded","modid":"thermal"}]}]}: Invalid Thermal Series recipe: thermal:furnace/allthecompressed/stone/deepslate/7x
Refer to the recipe's ResourceLocation to find the mod responsible and let them know!
[04:20:13] [WARN] Error parsing recipe thermal:furnace/allthecompressed/stone/deepslate/8x[thermal:furnace]: {"type":"thermal:furnace","ingredient":{"item":"allthecompressed:cobbled_deepslate_block_8x","count":1},"result":{"item":"allthecompressed:deepslate_block_8x"},"energy":2160000,"conditions":[{"type":"forge:and","values":[{"type":"forge:not","value":{"type":"forge:mod_loaded","modid":"compressium"}},{"type":"forge:mod_loaded","modid":"thermal"}]}]}: Invalid Thermal Series recipe: thermal:furnace/allthecompressed/stone/deepslate/8x
Refer to the recipe's ResourceLocation to find the mod responsible and let them know!
[04:20:13] [WARN] Error parsing recipe ae2:inscriber/ultimate_universal_calculation_processor_print[ae2:inscriber]: {"type":"ae2:inscriber","ingredients":{"middle":{"item":"ae2:certus_quartz_crystal"},"top":{"item":"kubejs:ultimate_universal_press"}},"mode":"inscribe","result":{"item":"ae2:printed_calculation_processor"}}: Unknown item 'kubejs:ultimate_universal_press'
[04:20:13] [WARN] Error parsing recipe ae2:inscriber/ultimate_universal_quantum_processor_print[ae2:inscriber]: {"type":"ae2:inscriber","ingredients":{"middle":{"item":"advanced_ae:quantum_alloy"},"top":{"item":"kubejs:ultimate_universal_press"}},"mode":"inscribe","result":{"item":"advanced_ae:printed_quantum_processor"}}: Unknown item 'kubejs:ultimate_universal_press'
[04:20:13] [WARN] Error parsing recipe ae2:inscriber/universal_addon_accumulation_processor_print[ae2:inscriber]: {"type":"ae2:inscriber","ingredients":{"middle":{"tag":"forge:ingots/sky_steel"},"top":{"item":"kubejs:universal_addon_press"}},"mode":"inscribe","result":{"item":"megacells:printed_accumulation_processor"}}: Unknown item 'kubejs:universal_addon_press'
[04:20:13] [WARN] Error parsing recipe thermal:furnace/allthecompressed/terracotta/1x[thermal:furnace]: {"type":"thermal:furnace","ingredient":{"item":"allthecompressed:clay_block_1x","count":1},"result":{"item":"allthecompressed:terracotta_block_1x"},"energy":240000,"conditions":[{"type":"forge:and","values":[{"type":"forge:not","value":{"type":"forge:mod_loaded","modid":"compressium"}},{"type":"forge:mod_loaded","modid":"thermal"}]}]}: Invalid Thermal Series recipe: thermal:furnace/allthecompressed/terracotta/1x
Refer to the recipe's ResourceLocation to find the mod responsible and let them know!
[04:20:13] [WARN] Error parsing recipe thermal:furnace/allthecompressed/terracotta/2x[thermal:furnace]: {"type":"thermal:furnace","ingredient":{"item":"allthecompressed:clay_block_2x","count":1},"result":{"item":"allthecompressed:terracotta_block_2x"},"energy":480000,"conditions":[{"type":"forge:and","values":[{"type":"forge:not","value":{"type":"forge:mod_loaded","modid":"compressium"}},{"type":"forge:mod_loaded","modid":"thermal"}]}]}: Invalid Thermal Series recipe: thermal:furnace/allthecompressed/terracotta/2x
Refer to the recipe's ResourceLocation to find the mod responsible and let them know!
[04:20:13] [WARN] Error parsing recipe ae2:inscriber/universal_addon_quantum_processor_print[ae2:inscriber]: {"type":"ae2:inscriber","ingredients":{"middle":{"item":"advanced_ae:quantum_alloy"},"top":{"item":"kubejs:universal_addon_press"}},"mode":"inscribe","result":{"item":"advanced_ae:printed_quantum_processor"}}: Unknown item 'kubejs:universal_addon_press'
[04:20:13] [WARN] Error parsing recipe thermal:furnace/allthecompressed/terracotta/5x[thermal:furnace]: {"type":"thermal:furnace","ingredient":{"item":"allthecompressed:clay_block_5x","count":1},"result":{"item":"allthecompressed:terracotta_block_5x"},"energy":1200000,"conditions":[{"type":"forge:and","values":[{"type":"forge:not","value":{"type":"forge:mod_loaded","modid":"compressium"}},{"type":"forge:mod_loaded","modid":"thermal"}]}]}: Invalid Thermal Series recipe: thermal:furnace/allthecompressed/terracotta/5x
Refer to the recipe's ResourceLocation to find the mod responsible and let them know!
[04:20:13] [WARN] Error parsing recipe occultism:miner/ores/apatite[occultism:miner]: {"type":"occultism:miner","ingredient":{"tag":"occultism:miners/ores"},"result":{"item":"gtceu:apatite_ore"},"weight":400,"conditions":[{"type":"forge:not","value":{"type":"forge:tag_empty","tag":"forge:ores/apatite"}}]}: Unknown item 'gtceu:apatite_ore'
[04:20:13] [WARN] Error parsing recipe thermal:furnace/allthecompressed/terracotta/6x[thermal:furnace]: {"type":"thermal:furnace","ingredient":{"item":"allthecompressed:clay_block_6x","count":1},"result":{"item":"allthecompressed:terracotta_block_6x"},"energy":1440000,"conditions":[{"type":"forge:and","values":[{"type":"forge:not","value":{"type":"forge:mod_loaded","modid":"compressium"}},{"type":"forge:mod_loaded","modid":"thermal"}]}]}: Invalid Thermal Series recipe: thermal:furnace/allthecompressed/terracotta/6x
Refer to the recipe's ResourceLocation to find the mod responsible and let them know!
[04:20:13] [WARN] Error parsing recipe thermal:furnace/allthecompressed/terracotta/3x[thermal:furnace]: {"type":"thermal:furnace","ingredient":{"item":"allthecompressed:clay_block_3x","count":1},"result":{"item":"allthecompressed:terracotta_block_3x"},"energy":720000,"conditions":[{"type":"forge:and","values":[{"type":"forge:not","value":{"type":"forge:mod_loaded","modid":"compressium"}},{"type":"forge:mod_loaded","modid":"thermal"}]}]}: Invalid Thermal Series recipe: thermal:furnace/allthecompressed/terracotta/3x
Refer to the recipe's ResourceLocation to find the mod responsible and let them know!
[04:20:13] [WARN] Error parsing recipe thermal:furnace/allthecompressed/terracotta/4x[thermal:furnace]: {"type":"thermal:furnace","ingredient":{"item":"allthecompressed:clay_block_4x","count":1},"result":{"item":"allthecompressed:terracotta_block_4x"},"energy":960000,"conditions":[{"type":"forge:and","values":[{"type":"forge:not","value":{"type":"forge:mod_loaded","modid":"compressium"}},{"type":"forge:mod_loaded","modid":"thermal"}]}]}: Invalid Thermal Series recipe: thermal:furnace/allthecompressed/terracotta/4x
Refer to the recipe's ResourceLocation to find the mod responsible and let them know!
[04:20:13] [WARN] Error parsing recipe thermal:furnace/allthecompressed/terracotta/9x[thermal:furnace]: {"type":"thermal:furnace","ingredient":{"item":"allthecompressed:clay_block_9x","count":1},"result":{"item":"allthecompressed:terracotta_block_9x"},"energy":2400000,"conditions":[{"type":"forge:and","values":[{"type":"forge:not","value":{"type":"forge:mod_loaded","modid":"compressium"}},{"type":"forge:mod_loaded","modid":"thermal"}]}]}: Invalid Thermal Series recipe: thermal:furnace/allthecompressed/terracotta/9x
Refer to the recipe's ResourceLocation to find the mod responsible and let them know!
[04:20:13] [WARN] Error parsing recipe thermal:furnace/allthecompressed/terracotta/7x[thermal:furnace]: {"type":"thermal:furnace","ingredient":{"item":"allthecompressed:clay_block_7x","count":1},"result":{"item":"allthecompressed:terracotta_block_7x"},"energy":1680000,"conditions":[{"type":"forge:and","values":[{"type":"forge:not","value":{"type":"forge:mod_loaded","modid":"compressium"}},{"type":"forge:mod_loaded","modid":"thermal"}]}]}: Invalid Thermal Series recipe: thermal:furnace/allthecompressed/terracotta/7x
Refer to the recipe's ResourceLocation to find the mod responsible and let them know!
[04:20:13] [WARN] Error parsing recipe thermal:furnace/allthecompressed/terracotta/8x[thermal:furnace]: {"type":"thermal:furnace","ingredient":{"item":"allthecompressed:clay_block_8x","count":1},"result":{"item":"allthecompressed:terracotta_block_8x"},"energy":2160000,"conditions":[{"type":"forge:and","values":[{"type":"forge:not","value":{"type":"forge:mod_loaded","modid":"compressium"}},{"type":"forge:mod_loaded","modid":"thermal"}]}]}: Invalid Thermal Series recipe: thermal:furnace/allthecompressed/terracotta/8x
Refer to the recipe's ResourceLocation to find the mod responsible and let them know!
[04:20:13] [WARN] Error parsing recipe thermal:compat/biomesoplenty/tree_extractor_bop_yellow_autumn[thermal:tree_extractor]: {"type":"thermal:tree_extractor","trunk":{"Name":"minecraft:birch_log"},"leaves":{"Name":"biomesoplenty:yellow_autumn_leaves","Properties":{"persistent":"false"}},"sapling":"biomesoplenty:yellow_autumn_sapling","min_height":4,"max_height":12,"min_leaves":16,"max_leaves":24,"result":{"fluid":"thermal:sap","amount":15},"conditions":[{"type":"thermal:flag","flag":"mod_biomesoplenty"}]}: Unknown block 'biomesoplenty:yellow_autumn_leaves'
[04:20:13] [WARN] Error parsing recipe ae2:inscriber/ultimate_universal_energy_processor_print[ae2:inscriber]: {"type":"ae2:inscriber","ingredients":{"middle":{"item":"appflux:charged_redstone"},"top":{"item":"kubejs:ultimate_universal_press"}},"mode":"inscribe","result":{"item":"appflux:printed_energy_processor"}}: Unknown item 'appflux:printed_energy_processor'
[04:20:13] [WARN] Error parsing recipe ae2:inscriber/ultimate_universal_press[ae2:inscriber]: {"type":"ae2:inscriber","ingredients":{"middle":{"item":"allthemodium:vibranium_allthemodium_alloy_block"},"top":{"item":"kubejs:ultimate_universal_press"}},"mode":"inscribe","result":{"item":"kubejs:ultimate_universal_press"}}: Unknown item 'kubejs:ultimate_universal_press'
[04:20:14] [WARN] Error parsing recipe ae2:inscriber/ultimate_universal_accumulation_processor_print[ae2:inscriber]: {"type":"ae2:inscriber","ingredients":{"middle":{"tag":"forge:ingots/sky_steel"},"top":{"item":"kubejs:ultimate_universal_press"}},"mode":"inscribe","result":{"item":"megacells:printed_accumulation_processor"}}: Unknown item 'kubejs:ultimate_universal_press'
[04:20:14] [WARN] Error parsing recipe ae2:inscriber/universal_addon_energy_processor_print[ae2:inscriber]: {"type":"ae2:inscriber","ingredients":{"middle":{"item":"appflux:charged_redstone"},"top":{"item":"kubejs:universal_addon_press"}},"mode":"inscribe","result":{"item":"appflux:printed_energy_processor"}}: Unknown item 'appflux:printed_energy_processor'
[04:20:14] [WARN] Error parsing recipe forbidden_arcanus:aurum_chest_boat[minecraft:crafting_shapeless]: {"type":"minecraft:crafting_shapeless","category":"misc","ingredients":[{"item":"forbidden_arcanus:aurum_boat"},{"fabric_value":{"tag":"c:chests"},"forge_value":{"tag":"forge:chests/wooden"}}],"result":{"item":"forbidden_arcanus:aurum_chest_boat"}}: An ingredient entry needs either a tag or an item
[04:20:14] [WARN] Error parsing recipe ae2:inscriber/universal_addon_press[ae2:inscriber]: {"type":"ae2:inscriber","ingredients":{"middle":{"tag":"forge:storage_blocks/iron"},"top":{"item":"kubejs:universal_addon_press"}},"mode":"inscribe","result":{"item":"kubejs:universal_addon_press"}}: Unknown item 'kubejs:universal_addon_press'
[04:20:14] [WARN] Error parsing recipe forbidden_arcanus:edelwood_chest_boat[minecraft:crafting_shapeless]: {"type":"minecraft:crafting_shapeless","category":"misc","ingredients":[{"item":"forbidden_arcanus:edelwood_boat"},{"fabric_value":{"tag":"c:chests"},"forge_value":{"tag":"forge:chests/wooden"}}],"result":{"item":"forbidden_arcanus:edelwood_chest_boat"}}: An ingredient entry needs either a tag or an item
[04:20:14] [WARN] Error parsing recipe thermal:compat/biomesoplenty/tree_extractor_bop_maple[thermal:tree_extractor]: {"type":"thermal:tree_extractor","trunk":{"Name":"minecraft:oak_log"},"leaves":{"Name":"biomesoplenty:maple_leaves","Properties":{"persistent":"false"}},"sapling":"biomesoplenty:maple_sapling","min_height":4,"max_height":10,"min_leaves":16,"max_leaves":24,"result":{"fluid":"thermal:sap","amount":30},"conditions":[{"type":"thermal:flag","flag":"mod_biomesoplenty"}]}: Unknown block 'biomesoplenty:maple_leaves'
[04:20:14] [WARN] Error parsing recipe thermal:compat/biomesoplenty/tree_extractor_bop_orange_autumn[thermal:tree_extractor]: {"type":"thermal:tree_extractor","trunk":{"Name":"minecraft:dark_oak_log"},"leaves":{"Name":"biomesoplenty:orange_autumn_leaves","Properties":{"persistent":"false"}},"sapling":"biomesoplenty:orange_autumn_sapling","min_height":4,"max_height":10,"min_leaves":16,"max_leaves":24,"result":{"fluid":"thermal:resin","amount":15},"conditions":[{"type":"thermal:flag","flag":"mod_biomesoplenty"}]}: Unknown block 'biomesoplenty:orange_autumn_leaves'
[04:20:14] [WARN] Error parsing recipe ae2:inscriber/ultimate_universal_silicon_print[ae2:inscriber]: {"type":"ae2:inscriber","ingredients":{"middle":{"tag":"forge:silicon"},"top":{"item":"kubejs:ultimate_universal_press"}},"mode":"inscribe","result":{"item":"ae2:printed_silicon"}}: Unknown item 'kubejs:ultimate_universal_press'
[04:20:14] [WARN] Error parsing recipe ae2:inscriber/ultimate_universal_logic_processor_print[ae2:inscriber]: {"type":"ae2:inscriber","ingredients":{"middle":{"tag":"forge:ingots/gold"},"top":{"item":"kubejs:ultimate_universal_press"}},"mode":"inscribe","result":{"item":"ae2:printed_logic_processor"}}: Unknown item 'kubejs:ultimate_universal_press'
[04:20:14] [WARN] Error parsing recipe ae2:inscriber/ultimate_universal_engineering_processor_print[ae2:inscriber]: {"type":"ae2:inscriber","ingredients":{"middle":{"tag":"forge:gems/diamond"},"top":{"item":"kubejs:ultimate_universal_press"}},"mode":"inscribe","result":{"item":"ae2:printed_engineering_processor"}}: Unknown item 'kubejs:ultimate_universal_press'
[04:20:14] [INFO] Added 973 recipes, removed 214 recipes, modified 11 recipes, with 36 failed recipes in 946.3 ms
[04:20:20] [INFO] Server resource reload complete!
