[20Jul2025 00:32:10.868] [Server thread/INFO] [net.minecraft.server.MinecraftServer/]: Fimo0 has made the advancement [Second Age]
[20Jul2025 00:32:43.908] [Server thread/ERROR] [placebo/]: Failed to locate any gear sets matching the following predicates: 
[20Jul2025 00:32:43.908] [Server thread/ERROR] [placebo/]: SetPredicate[#irons_spellbooks]
[20Jul2025 00:38:25.094] [Server thread/INFO] [net.minecraft.server.MinecraftServer/]: Fimo0 has reached the goal [Bone Crusher]
[20Jul2025 00:39:26.569] [Server thread/INFO] [net.minecraft.server.MinecraftServer/]: Fimo0 was slain by Zombie
[20Jul2025 00:39:26.577] [Server thread/INFO] [tombstone/]: The player Fimo0 has successfully been saved
[20Jul2025 00:39:29.930] [Server thread/WARN] [dev.gigaherz.toolbelt.slot.BeltExtensionSlot/]: New entity has data, contents assigned.
[20Jul2025 00:41:34.059] [User Authenticator #6/INFO] [net.minecraft.server.network.ServerLoginPacketListenerImpl/]: UUID of player Pepenson is 8865a0ec-a2eb-44c4-a2cf-4e5440d588ad
[20Jul2025 00:41:46.422] [Server thread/INFO] [net.minecraft.server.players.PlayerList/]: Pepenson[/127.48.179.90:58857] logged in with entity id 116134 at (725.9953666402615, 74.0, -713.0902447233696)
[20Jul2025 00:41:46.511] [Server thread/INFO] [net.minecraft.server.MinecraftServer/]: Pepenson joined the game
[20Jul2025 00:41:46.643] [Server thread/INFO] [Jade/]: Syncing config to Pepenson (8865a0ec-a2eb-44c4-a2cf-4e5440d588ad)
[20Jul2025 00:47:25.727] [User Authenticator #7/INFO] [net.minecraft.server.network.ServerLoginPacketListenerImpl/]: UUID of player Chato26898 is 47a79f28-9378-41c4-8f9e-a5398d34c4e8
[20Jul2025 00:47:26.385] [Server thread/INFO] [net.minecraft.server.network.ServerLoginPacketListenerImpl/]: com.mojang.authlib.GameProfile@4efc18ee[id=47a79f28-9378-41c4-8f9e-a5398d34c4e8,name=Chato26898,properties={textures=[com.mojang.authlib.properties.Property@156d79f6]},legacy=false] (/127.35.160.186:53065) lost connection: Disconnected
[20Jul2025 00:47:40.478] [Server thread/WARN] [net.minecraft.server.level.ServerPlayerGameMode/]: Mismatch in destroy block pos: BlockPos{x=767, y=69, z=-721} BlockPos{x=767, y=67, z=-721}
[20Jul2025 00:48:11.469] [User Authenticator #8/INFO] [net.minecraft.server.network.ServerLoginPacketListenerImpl/]: UUID of player Chato26898 is 47a79f28-9378-41c4-8f9e-a5398d34c4e8
[20Jul2025 00:48:23.825] [Server thread/INFO] [net.minecraft.server.players.PlayerList/]: Chato26898[/127.35.160.186:52085] logged in with entity id 118273 at (945.7890566253909, -50.0, -161.62499273226345)
[20Jul2025 00:48:23.908] [Server thread/INFO] [net.minecraft.server.MinecraftServer/]: Chato26898 joined the game
[20Jul2025 00:48:24.091] [Server thread/INFO] [Jade/]: Syncing config to Chato26898 (47a79f28-9378-41c4-8f9e-a5398d34c4e8)
[20Jul2025 00:49:33.980] [Server thread/WARN] [net.minecraft.world.level.storage.loot.LootTable/]: Tried to over-fill a container
[20Jul2025 00:54:47.407] [Server thread/INFO] [net.minecraft.server.MinecraftServer/]: Chato26898 has made the advancement [Spooky Scary Skeleton]
[20Jul2025 00:55:47.888] [Server thread/INFO] [net.minecraft.server.MinecraftServer/]: <Fimo0> dc
[20Jul2025 01:07:23.442] [User Authenticator #9/INFO] [net.minecraft.server.network.ServerLoginPacketListenerImpl/]: UUID of player MsTrance is 54c75a27-f472-4df5-8250-2460ed71d719
[20Jul2025 01:07:35.767] [Server thread/INFO] [net.minecraft.server.players.PlayerList/]: MsTrance[/127.68.39.133:50341] logged in with entity id 125135 at (526.7917579440605, 91.0, -444.1489209385281)
[20Jul2025 01:07:35.845] [Server thread/INFO] [net.minecraft.server.MinecraftServer/]: MsTrance joined the game
[20Jul2025 01:07:35.965] [Server thread/INFO] [Jade/]: Syncing config to MsTrance (54c75a27-f472-4df5-8250-2460ed71d719)
[20Jul2025 01:08:32.108] [Server thread/ERROR] [placebo/]: Failed to locate any gear sets matching the following predicates: 
[20Jul2025 01:08:32.109] [Server thread/ERROR] [placebo/]: SetPredicate[#irons_spellbooks]
[20Jul2025 01:09:11.427] [Server thread/INFO] [net.minecraft.server.network.ServerGamePacketListenerImpl/]: Pepenson lost connection: Disconnected
[20Jul2025 01:09:11.428] [Server thread/INFO] [net.minecraft.server.MinecraftServer/]: Pepenson left the game
[20Jul2025 01:10:20.319] [User Authenticator #10/INFO] [net.minecraft.server.network.ServerLoginPacketListenerImpl/]: UUID of player vallanx_ is 04b6b878-3ce5-4309-a869-a38d24f43de9
[20Jul2025 01:10:32.546] [Server thread/INFO] [net.minecraft.server.players.PlayerList/]: vallanx_[/127.28.6.213:40381] logged in with entity id 126418 at (248.5, 67.0, -149.5)
[20Jul2025 01:10:32.633] [Server thread/INFO] [net.minecraft.server.MinecraftServer/]: vallanx_ joined the game
[20Jul2025 01:10:32.843] [Server thread/INFO] [Jade/]: Syncing config to vallanx_ (04b6b878-3ce5-4309-a869-a38d24f43de9)
[20Jul2025 01:10:50.834] [Server thread/INFO] [net.minecraft.server.MinecraftServer/]: [MsTrance: Set own game mode to Creative Mode]
[20Jul2025 01:11:00.083] [Server thread/INFO] [net.minecraft.server.MinecraftServer/]: <vallanx_> AYUDA
[20Jul2025 01:11:16.597] [Server thread/INFO] [net.minecraft.server.MinecraftServer/]: <vallanx_> como
[20Jul2025 01:11:17.827] [User Authenticator #11/INFO] [net.minecraft.server.network.ServerLoginPacketListenerImpl/]: UUID of player Pepenson is 8865a0ec-a2eb-44c4-a2cf-4e5440d588ad
[20Jul2025 01:11:25.584] [Server thread/INFO] [net.minecraft.server.MinecraftServer/]: <MsTrance> hola
[20Jul2025 01:11:30.270] [Server thread/INFO] [net.minecraft.server.players.PlayerList/]: Pepenson[/127.48.179.90:51229] logged in with entity id 126842 at (753.720418198737, 63.0, -767.4705037469935)
[20Jul2025 01:11:30.346] [Server thread/INFO] [net.minecraft.server.MinecraftServer/]: Pepenson joined the game
[20Jul2025 01:11:30.444] [Server thread/INFO] [Jade/]: Syncing config to Pepenson (8865a0ec-a2eb-44c4-a2cf-4e5440d588ad)
[20Jul2025 01:11:33.481] [Server thread/INFO] [net.minecraft.server.MinecraftServer/]: <vallanx_> habla tanke
[20Jul2025 01:11:44.390] [Server thread/INFO] [net.minecraft.server.MinecraftServer/]: <Fimo0> "/tpa "
[20Jul2025 01:12:20.995] [Server thread/INFO] [FTB Chunks/]: attempting to transfer 0 chunks from vallanx_#04b6b878 to Chato26898_s_Party#60a26495
[20Jul2025 01:12:20.996] [Server thread/INFO] [FTB Chunks/]: Transferred 0 chunks from 04b6b878-3ce5-4309-a869-a38d24f43de9 (vallanx_#04b6b878) to 60a26495-dcc6-4461-ba07-1dd9bb9d33e2 (Chato26898_s_Party#60a26495)
[20Jul2025 01:12:20.996] [Server thread/INFO] [FTB Chunks/]: Unclaimed 0 chunks for 04b6b878-3ce5-4309-a869-a38d24f43de9 (vallanx_#04b6b878) due to claim limits
[20Jul2025 01:12:20.996] [Server thread/INFO] [FTB Chunks/]: Team Chato26898_s_Party#60a26495 had 81 claimed chunks, now has 81
[20Jul2025 01:12:30.631] [Server thread/INFO] [net.minecraft.server.MinecraftServer/]: <vallanx_> discord se puede?
[20Jul2025 01:15:29.490] [Server thread/INFO] [net.minecraft.server.MinecraftServer/]: <MsTrance> ilegal eso
[20Jul2025 01:15:40.626] [Server thread/INFO] [net.minecraft.server.MinecraftServer/]: <Chato26898> e mentira
[20Jul2025 01:15:46.631] [Server thread/INFO] [net.minecraft.server.MinecraftServer/]: vallanx_ has made the advancement [Acquire Hardware]
[20Jul2025 01:15:46.688] [Server thread/INFO] [net.minecraft.server.MinecraftServer/]: vallanx_ has made the advancement [Spooky Scary Skeleton]
[20Jul2025 01:15:46.727] [Server thread/INFO] [net.minecraft.server.MinecraftServer/]: vallanx_ has made the advancement [Handyman]
[20Jul2025 01:15:46.791] [Server thread/INFO] [net.minecraft.server.MinecraftServer/]: vallanx_ has made the advancement [Stone Age]
[20Jul2025 01:15:46.814] [Server thread/INFO] [net.minecraft.server.MinecraftServer/]: vallanx_ has made the advancement [Diamonds!]
[20Jul2025 01:16:20.436] [Server thread/INFO] [net.minecraft.server.MinecraftServer/]: [MsTrance: Set own game mode to Survival Mode]
[20Jul2025 01:17:00.497] [Server thread/INFO] [net.minecraft.server.MinecraftServer/]: vallanx_ has made the advancement [A True Source of Evil]
[20Jul2025 01:17:00.799] [Server thread/INFO] [net.minecraft.server.MinecraftServer/]: vallanx_ has made the advancement [Tools of the Trade]
[20Jul2025 01:18:13.835] [Server thread/INFO] [net.blay09.mods.netherportalfix.NetherPortalFix/]: No return portal found
[20Jul2025 01:18:13.925] [Server thread/INFO] [net.minecraft.server.MinecraftServer/]: Chato26898 has made the advancement [We Need to Go Deeper]
[20Jul2025 01:18:15.506] [Server thread/WARN] [net.minecraft.server.network.ServerGamePacketListenerImpl/]: Pepenson moved too quickly! -0.29497877498783964,-0.14168517272452164,-10.044597006645972
[20Jul2025 01:18:18.959] [Worker-Main-114/WARN] [ModernFix/]: Skipped emitting ENTITY_MOUNT game event for entity Strider['Strider'/131105, l='ServerLevel[world]', x=-127.10, y=31.00, z=128.90] as it would cause deadlock
[20Jul2025 01:18:30.951] [Server thread/INFO] [net.minecraft.server.MinecraftServer/]: Chato26898 has made the advancement [Crimson Iron]
[20Jul2025 01:19:00.197] [Server thread/INFO] [net.minecraft.server.MinecraftServer/]: Fimo0 has completed the challenge [Cannibal]
[20Jul2025 01:19:11.464] [Worker-Main-301/WARN] [ModernFix/]: Skipped emitting ENTITY_MOUNT game event for entity Strider['Strider'/131586, l='ServerLevel[world]', x=195.00, y=31.00, z=204.00] as it would cause deadlock
[20Jul2025 01:19:47.035] [Server thread/INFO] [net.minecraft.server.MinecraftServer/]: vallanx_ has made the advancement [Isn't It Iron Pick]
[20Jul2025 01:20:32.400] [Server thread/WARN] [net.minecraft.server.network.ServerGamePacketListenerImpl/]: Pepenson moved wrongly!
[20Jul2025 01:24:58.587] [Server thread/INFO] [net.minecraft.server.MinecraftServer/]: vallanx_ has made the advancement [First Age]
[20Jul2025 01:26:02.739] [Server thread/INFO] [net.minecraft.server.MinecraftServer/]: vallanx_ has made the advancement [Sweet Dreams]
[20Jul2025 01:26:17.737] [Server thread/INFO] [net.minecraft.server.MinecraftServer/]: vallanx_ has made the advancement [Knowledge of Death]
[20Jul2025 01:26:17.738] [Server thread/INFO] [net.minecraft.server.MinecraftServer/]: vallanx_ has made the advancement [Ambush]
[20Jul2025 01:26:17.739] [Server thread/INFO] [net.minecraft.server.MinecraftServer/]: vallanx_ has made the advancement [Monster Hunter]
[20Jul2025 01:30:13.825] [Server thread/INFO] [net.minecraft.server.MinecraftServer/]: Fimo0 was slain by Zombie
[20Jul2025 01:30:13.850] [Server thread/INFO] [tombstone/]: The player Fimo0 has successfully been saved
[20Jul2025 01:30:33.240] [Server thread/WARN] [dev.gigaherz.toolbelt.slot.BeltExtensionSlot/]: New entity has data, contents assigned.
[20Jul2025 01:33:28.846] [Server thread/INFO] [net.minecraft.server.MinecraftServer/]: vallanx_ has made the advancement [A Strange Grave Dust]
[20Jul2025 01:34:48.787] [Server thread/INFO] [net.minecraft.server.MinecraftServer/]: vallanx_ has made the advancement [Suit Up]
[20Jul2025 01:35:08.349] [Server thread/INFO] [net.minecraft.server.MinecraftServer/]: Fimo0 has made the advancement [Voluntary Exile]
[20Jul2025 01:35:37.860] [Server thread/WARN] [net.minecraft.server.level.ServerPlayerGameMode/]: Mismatch in destroy block pos: BlockPos{x=396, y=64, z=285} BlockPos{x=396, y=62, z=287}
[20Jul2025 01:37:04.276] [Server thread/INFO] [net.minecraft.server.MinecraftServer/]: vallanx_ has made the advancement [I Found It Underground]
[20Jul2025 01:37:04.277] [Server thread/INFO] [net.minecraft.server.MinecraftServer/]: vallanx_ has made the advancement [Apothic Affixes]
[20Jul2025 01:42:06.148] [Server thread/INFO] [net.minecraft.server.MinecraftServer/]: vallanx_ has reached the goal [Worthy Equipment]
[20Jul2025 01:48:15.301] [Server thread/WARN] [net.minecraft.server.network.ServerGamePacketListenerImpl/]: entity.evilcraft.broom (vehicle of Pepenson) moved wrongly! 1.9897339366624072
[20Jul2025 01:48:15.301] [Server thread/WARN] [net.minecraft.server.network.ServerGamePacketListenerImpl/]: entity.evilcraft.broom (vehicle of Pepenson) moved wrongly! 1.8035036880621564
[20Jul2025 01:48:15.302] [Server thread/WARN] [net.minecraft.server.network.ServerGamePacketListenerImpl/]: entity.evilcraft.broom (vehicle of Pepenson) moved wrongly! 1.5909485148364593
[20Jul2025 01:48:15.375] [Server thread/WARN] [net.minecraft.server.network.ServerGamePacketListenerImpl/]: entity.evilcraft.broom (vehicle of Pepenson) moved wrongly! 1.2913850735840242
[20Jul2025 01:48:15.375] [Server thread/WARN] [net.minecraft.server.network.ServerGamePacketListenerImpl/]: entity.evilcraft.broom (vehicle of Pepenson) moved wrongly! 0.9821982001952975
[20Jul2025 01:48:15.419] [Server thread/WARN] [net.minecraft.server.network.ServerGamePacketListenerImpl/]: entity.evilcraft.broom (vehicle of Pepenson) moved wrongly! 0.6914503794111511
[20Jul2025 01:48:15.462] [Server thread/WARN] [net.minecraft.server.network.ServerGamePacketListenerImpl/]: entity.evilcraft.broom (vehicle of Pepenson) moved wrongly! 1.601242967827261
[20Jul2025 01:48:18.078] [Server thread/INFO] [net.minecraft.server.MinecraftServer/]: vallanx_ has made the advancement [Ashes 'n Bones]
[20Jul2025 01:48:29.998] [Server thread/WARN] [net.minecraft.server.network.ServerGamePacketListenerImpl/]: entity.evilcraft.broom (vehicle of Pepenson) moved too quickly! 7.471779134496387,-1.8085427212883474,9.1545381538985
[20Jul2025 01:48:29.999] [Server thread/WARN] [net.minecraft.server.network.ServerGamePacketListenerImpl/]: entity.evilcraft.broom (vehicle of Pepenson) moved too quickly! 6.901046658843143,-1.6566876890575202,8.378709709364841
[20Jul2025 01:48:56.746] [Server thread/INFO] [net.minecraft.server.network.ServerGamePacketListenerImpl/]: Chato26898 lost connection: Disconnected
[20Jul2025 01:48:56.746] [Server thread/INFO] [net.minecraft.server.MinecraftServer/]: Chato26898 left the game
[20Jul2025 01:54:08.387] [Server thread/INFO] [net.minecraft.server.MinecraftServer/]: Fimo0 has reached the goal [Waterworld]
[20Jul2025 01:59:22.549] [Server thread/INFO] [net.minecraft.server.MinecraftServer/]: Incorrect argument for command
[20Jul2025 01:59:22.550] [Server thread/INFO] [net.minecraft.server.MinecraftServer/]: ...raw @a [
  {"text":"[","color":"dark_red","bold":true},
  {"text":"A","color":"red","bold":true},
  {"text":"V","color":"gold","bold":true},
  {"text":"I","color":"yellow","bold":true},
  {"text":"S","color":"green","bold":true},
  {"text":"O","color":"aqua","bold":true},
  {"text":"] ","color":"dark_red","bold":true},
  {"text":"¡El servidor se reiniciará en ","color":"light_purple","bold":true},
  {"text":"1 MINUTOS","color":"red","bold":true},
  {"text":"! ¡Guardá tus cosas!","color":"gold","bold":true}
]<--[HERE]
[20Jul2025 02:00:51.434] [Server thread/INFO] [net.minecraft.server.network.ServerGamePacketListenerImpl/]: Fimo0 lost connection: Disconnected
[20Jul2025 02:00:51.434] [Server thread/INFO] [net.minecraft.server.MinecraftServer/]: Fimo0 left the game
[20Jul2025 02:00:52.781] [Server thread/INFO] [net.minecraft.server.network.ServerGamePacketListenerImpl/]: vallanx_ lost connection: Disconnected
[20Jul2025 02:00:52.781] [Server thread/INFO] [net.minecraft.server.MinecraftServer/]: vallanx_ left the game
[20Jul2025 02:00:56.575] [Server thread/INFO] [net.minecraft.server.network.ServerGamePacketListenerImpl/]: Pepenson lost connection: Disconnected
[20Jul2025 02:00:56.575] [Server thread/INFO] [net.minecraft.server.MinecraftServer/]: Pepenson left the game
[20Jul2025 02:01:03.218] [Server thread/INFO] [net.minecraft.server.network.ServerGamePacketListenerImpl/]: MsTrance lost connection: Disconnected
[20Jul2025 02:01:03.218] [Server thread/INFO] [net.minecraft.server.MinecraftServer/]: MsTrance left the game
[20Jul2025 02:01:08.160] [Server thread/INFO] [net.minecraft.server.MinecraftServer/]: Stopping the server
[20Jul2025 02:01:08.330] [Server thread/INFO] [net.minecraft.server.MinecraftServer/]: Stopping server
[20Jul2025 02:01:08.332] [Server thread/INFO] [net.minecraft.server.MinecraftServer/]: Saving players
[20Jul2025 02:01:08.332] [Server thread/INFO] [net.minecraft.server.MinecraftServer/]: Saving worlds
[20Jul2025 02:01:08.516] [Server thread/INFO] [net.minecraft.server.MinecraftServer/]: Saving chunks for level 'ServerLevel[world]'/minecraft:overworld
[20Jul2025 02:01:08.800] [Server thread/INFO] [net.minecraft.server.MinecraftServer/]: Saving chunks for level 'ServerLevel[world]'/ad_astra:glacio_orbit
[20Jul2025 02:01:08.802] [Server thread/INFO] [net.minecraft.server.MinecraftServer/]: Saving chunks for level 'ServerLevel[world]'/ad_astra:venus
[20Jul2025 02:01:08.802] [Server thread/INFO] [net.minecraft.server.MinecraftServer/]: Saving chunks for level 'ServerLevel[world]'/ad_astra:mercury_orbit
[20Jul2025 02:01:08.803] [Server thread/INFO] [net.minecraft.server.MinecraftServer/]: Saving chunks for level 'ServerLevel[world]'/sgjourney:abydos
[20Jul2025 02:01:08.804] [Server thread/INFO] [net.minecraft.server.MinecraftServer/]: Saving chunks for level 'ServerLevel[world]'/minecraft:the_end
[20Jul2025 02:01:08.805] [Server thread/INFO] [net.minecraft.server.MinecraftServer/]: Saving chunks for level 'ServerLevel[world]'/mythicbotany:alfheim
[20Jul2025 02:01:08.806] [Server thread/INFO] [net.minecraft.server.MinecraftServer/]: Saving chunks for level 'ServerLevel[world]'/sgjourney:cavum_tenebrae
[20Jul2025 02:01:08.807] [Server thread/INFO] [net.minecraft.server.MinecraftServer/]: Saving chunks for level 'ServerLevel[world]'/minecraft:the_nether
[20Jul2025 02:01:08.812] [Server thread/INFO] [net.minecraft.server.MinecraftServer/]: Saving chunks for level 'ServerLevel[world]'/ad_astra:earth_orbit
[20Jul2025 02:01:08.813] [Server thread/INFO] [net.minecraft.server.MinecraftServer/]: Saving chunks for level 'ServerLevel[world]'/ad_astra:glacio
[20Jul2025 02:01:08.813] [Server thread/INFO] [net.minecraft.server.MinecraftServer/]: Saving chunks for level 'ServerLevel[world]'/allthemodium:the_other
[20Jul2025 02:01:08.815] [Server thread/INFO] [net.minecraft.server.MinecraftServer/]: Saving chunks for level 'ServerLevel[world]'/sgjourney:chulak
[20Jul2025 02:01:08.816] [Server thread/INFO] [net.minecraft.server.MinecraftServer/]: Saving chunks for level 'ServerLevel[world]'/ad_astra:mars_orbit
[20Jul2025 02:01:08.817] [Server thread/INFO] [net.minecraft.server.MinecraftServer/]: Saving chunks for level 'ServerLevel[world]'/twilightforest:twilight_forest
[20Jul2025 02:01:08.818] [Server thread/INFO] [net.minecraft.server.MinecraftServer/]: Saving chunks for level 'ServerLevel[world]'/sgjourney:lantea
[20Jul2025 02:01:08.819] [Server thread/INFO] [net.minecraft.server.MinecraftServer/]: Saving chunks for level 'ServerLevel[world]'/mahoutsukai:reality_marble
[20Jul2025 02:01:08.820] [Server thread/INFO] [net.minecraft.server.MinecraftServer/]: Saving chunks for level 'ServerLevel[world]'/bloodmagic:dungeon
[20Jul2025 02:01:08.820] [Server thread/INFO] [net.minecraft.server.MinecraftServer/]: Saving chunks for level 'ServerLevel[world]'/ad_astra:moon_orbit
[20Jul2025 02:01:08.821] [Server thread/INFO] [net.minecraft.server.MinecraftServer/]: Saving chunks for level 'ServerLevel[world]'/ad_astra:moon
[20Jul2025 02:01:08.822] [Server thread/INFO] [net.minecraft.server.MinecraftServer/]: Saving chunks for level 'ServerLevel[world]'/ad_astra:venus_orbit
[20Jul2025 02:01:08.823] [Server thread/INFO] [net.minecraft.server.MinecraftServer/]: Saving chunks for level 'ServerLevel[world]'/allthemodium:the_beyond
[20Jul2025 02:01:08.824] [Server thread/INFO] [net.minecraft.server.MinecraftServer/]: Saving chunks for level 'ServerLevel[world]'/deeperdarker:otherside
[20Jul2025 02:01:08.825] [Server thread/INFO] [net.minecraft.server.MinecraftServer/]: Saving chunks for level 'ServerLevel[world]'/ad_astra:mercury
[20Jul2025 02:01:08.826] [Server thread/INFO] [net.minecraft.server.MinecraftServer/]: Saving chunks for level 'ServerLevel[world]'/ad_astra:mars
[20Jul2025 02:01:08.827] [Server thread/INFO] [net.minecraft.server.MinecraftServer/]: Saving chunks for level 'ServerLevel[world]'/allthemodium:mining
[20Jul2025 02:01:08.828] [Server thread/INFO] [net.minecraft.server.MinecraftServer/]: Saving chunks for level 'ServerLevel[world]'/ae2:spatial_storage
[20Jul2025 02:01:08.987] [Server thread/INFO] [net.minecraft.server.MinecraftServer/]: ThreadedAnvilChunkStorage (world): All chunks are saved
[20Jul2025 02:01:08.987] [Server thread/INFO] [net.minecraft.server.MinecraftServer/]: ThreadedAnvilChunkStorage (glacio_orbit): All chunks are saved
[20Jul2025 02:01:08.987] [Server thread/INFO] [net.minecraft.server.MinecraftServer/]: ThreadedAnvilChunkStorage (venus): All chunks are saved
[20Jul2025 02:01:08.987] [Server thread/INFO] [net.minecraft.server.MinecraftServer/]: ThreadedAnvilChunkStorage (mercury_orbit): All chunks are saved
[20Jul2025 02:01:08.987] [Server thread/INFO] [net.minecraft.server.MinecraftServer/]: ThreadedAnvilChunkStorage (abydos): All chunks are saved
[20Jul2025 02:01:08.987] [Server thread/INFO] [net.minecraft.server.MinecraftServer/]: ThreadedAnvilChunkStorage (DIM1): All chunks are saved
[20Jul2025 02:01:08.987] [Server thread/INFO] [net.minecraft.server.MinecraftServer/]: ThreadedAnvilChunkStorage (alfheim): All chunks are saved
[20Jul2025 02:01:08.988] [Server thread/INFO] [net.minecraft.server.MinecraftServer/]: ThreadedAnvilChunkStorage (cavum_tenebrae): All chunks are saved
[20Jul2025 02:01:08.988] [Server thread/INFO] [net.minecraft.server.MinecraftServer/]: ThreadedAnvilChunkStorage (DIM-1): All chunks are saved
[20Jul2025 02:01:08.988] [Server thread/INFO] [net.minecraft.server.MinecraftServer/]: ThreadedAnvilChunkStorage (earth_orbit): All chunks are saved
[20Jul2025 02:01:08.988] [Server thread/INFO] [net.minecraft.server.MinecraftServer/]: ThreadedAnvilChunkStorage (glacio): All chunks are saved
[20Jul2025 02:01:08.988] [Server thread/INFO] [net.minecraft.server.MinecraftServer/]: ThreadedAnvilChunkStorage (the_other): All chunks are saved
[20Jul2025 02:01:08.988] [Server thread/INFO] [net.minecraft.server.MinecraftServer/]: ThreadedAnvilChunkStorage (chulak): All chunks are saved
[20Jul2025 02:01:08.988] [Server thread/INFO] [net.minecraft.server.MinecraftServer/]: ThreadedAnvilChunkStorage (mars_orbit): All chunks are saved
[20Jul2025 02:01:08.988] [Server thread/INFO] [net.minecraft.server.MinecraftServer/]: ThreadedAnvilChunkStorage (twilight_forest): All chunks are saved
[20Jul2025 02:01:08.988] [Server thread/INFO] [net.minecraft.server.MinecraftServer/]: ThreadedAnvilChunkStorage (lantea): All chunks are saved
[20Jul2025 02:01:08.988] [Server thread/INFO] [net.minecraft.server.MinecraftServer/]: ThreadedAnvilChunkStorage (reality_marble): All chunks are saved
[20Jul2025 02:01:08.988] [Server thread/INFO] [net.minecraft.server.MinecraftServer/]: ThreadedAnvilChunkStorage (dungeon): All chunks are saved
[20Jul2025 02:01:08.988] [Server thread/INFO] [net.minecraft.server.MinecraftServer/]: ThreadedAnvilChunkStorage (moon_orbit): All chunks are saved
[20Jul2025 02:01:08.989] [Server thread/INFO] [net.minecraft.server.MinecraftServer/]: ThreadedAnvilChunkStorage (moon): All chunks are saved
[20Jul2025 02:01:08.989] [Server thread/INFO] [net.minecraft.server.MinecraftServer/]: ThreadedAnvilChunkStorage (venus_orbit): All chunks are saved
[20Jul2025 02:01:08.989] [Server thread/INFO] [net.minecraft.server.MinecraftServer/]: ThreadedAnvilChunkStorage (the_beyond): All chunks are saved
[20Jul2025 02:01:08.989] [Server thread/INFO] [net.minecraft.server.MinecraftServer/]: ThreadedAnvilChunkStorage (otherside): All chunks are saved
[20Jul2025 02:01:08.989] [Server thread/INFO] [net.minecraft.server.MinecraftServer/]: ThreadedAnvilChunkStorage (mercury): All chunks are saved
[20Jul2025 02:01:08.989] [Server thread/INFO] [net.minecraft.server.MinecraftServer/]: ThreadedAnvilChunkStorage (mars): All chunks are saved
[20Jul2025 02:01:08.989] [Server thread/INFO] [net.minecraft.server.MinecraftServer/]: ThreadedAnvilChunkStorage (mining): All chunks are saved
[20Jul2025 02:01:08.989] [Server thread/INFO] [net.minecraft.server.MinecraftServer/]: ThreadedAnvilChunkStorage (spatial_storage): All chunks are saved
[20Jul2025 02:01:08.989] [Server thread/INFO] [net.minecraft.server.MinecraftServer/]: ThreadedAnvilChunkStorage: All dimensions are saved
[20Jul2025 02:01:09.482] [Server thread/INFO] [shetiphian.endertanks.EnderTanks/]: Unloading EnderTank Data
[20Jul2025 02:01:09.482] [Server thread/INFO] [shetiphian.endertanks.EnderTanks/]: Finished Unloading EnderTank Data
[20Jul2025 02:01:10.483] [Server thread/INFO] [shetiphian.enderchests.EnderChests/]: Unloading EnderChest Data
[20Jul2025 02:01:10.483] [Server thread/INFO] [shetiphian.enderchests.EnderChests/]: Finished Unloading EnderChest Data
[20Jul2025 02:01:10.662] [Server thread/INFO] [journeymap/]: Loading JourneyMap Forge Configs
[20Jul2025 02:01:10.667] [Server thread/INFO] [FluxNetworks/Energy]: Energy blacklist loaded: 1 block entries, 0 item entries
